Determining if the pthread_create exist failed with the following output:
Change Dir: /media/lubin/extend/lubin/my_project/cyber_rt/cyber_rt_standalone_r6.0.0/build/CMakeFiles/CMakeTmp

Run Build Command:"/usr/bin/make" "cmTC_c4425/fast"
/usr/bin/make -f CMakeFiles/cmTC_c4425.dir/build.make CMakeFiles/cmTC_c4425.dir/build
make[1]: Entering directory '/media/lubin/extend/lubin/my_project/cyber_rt/cyber_rt_standalone_r6.0.0/build/CMakeFiles/CMakeTmp'
Building C object CMakeFiles/cmTC_c4425.dir/CheckSymbolExists.c.o
/usr/bin/cc   -fPIC    -o CMakeFiles/cmTC_c4425.dir/CheckSymbolExists.c.o   -c /media/lubin/extend/lubin/my_project/cyber_rt/cyber_rt_standalone_r6.0.0/build/CMakeFiles/CMakeTmp/CheckSymbolExists.c
Linking C executable cmTC_c4425
/usr/bin/cmake -E cmake_link_script CMakeFiles/cmTC_c4425.dir/link.txt --verbose=1
/usr/bin/cc  -fPIC     CMakeFiles/cmTC_c4425.dir/CheckSymbolExists.c.o  -o cmTC_c4425 
CMakeFiles/cmTC_c4425.dir/CheckSymbolExists.c.o: In function `main':
CheckSymbolExists.c:(.text+0x1b): undefined reference to `pthread_create'
collect2: error: ld returned 1 exit status
CMakeFiles/cmTC_c4425.dir/build.make:97: recipe for target 'cmTC_c4425' failed
make[1]: *** [cmTC_c4425] Error 1
make[1]: Leaving directory '/media/lubin/extend/lubin/my_project/cyber_rt/cyber_rt_standalone_r6.0.0/build/CMakeFiles/CMakeTmp'
Makefile:126: recipe for target 'cmTC_c4425/fast' failed
make: *** [cmTC_c4425/fast] Error 2

File /media/lubin/extend/lubin/my_project/cyber_rt/cyber_rt_standalone_r6.0.0/build/CMakeFiles/CMakeTmp/CheckSymbolExists.c:
/* */
#include <pthread.h>

int main(int argc, char** argv)
{
  (void)argv;
#ifndef pthread_create
  return ((int*)(&pthread_create))[argc];
#else
  (void)argc;
  return 0;
#endif
}

Determining if the function pthread_create exists in the pthreads failed with the following output:
Change Dir: /media/lubin/extend/lubin/my_project/cyber_rt/cyber_rt_standalone_r6.0.0/build/CMakeFiles/CMakeTmp

Run Build Command:"/usr/bin/make" "cmTC_6293f/fast"
/usr/bin/make -f CMakeFiles/cmTC_6293f.dir/build.make CMakeFiles/cmTC_6293f.dir/build
make[1]: Entering directory '/media/lubin/extend/lubin/my_project/cyber_rt/cyber_rt_standalone_r6.0.0/build/CMakeFiles/CMakeTmp'
Building C object CMakeFiles/cmTC_6293f.dir/CheckFunctionExists.c.o
/usr/bin/cc   -fPIC -DCHECK_FUNCTION_EXISTS=pthread_create   -o CMakeFiles/cmTC_6293f.dir/CheckFunctionExists.c.o   -c /usr/share/cmake-3.10/Modules/CheckFunctionExists.c
Linking C executable cmTC_6293f
/usr/bin/cmake -E cmake_link_script CMakeFiles/cmTC_6293f.dir/link.txt --verbose=1
/usr/bin/cc  -fPIC -DCHECK_FUNCTION_EXISTS=pthread_create    CMakeFiles/cmTC_6293f.dir/CheckFunctionExists.c.o  -o cmTC_6293f -lpthreads 
/usr/bin/ld: cannot find -lpthreads
collect2: error: ld returned 1 exit status
CMakeFiles/cmTC_6293f.dir/build.make:97: recipe for target 'cmTC_6293f' failed
make[1]: *** [cmTC_6293f] Error 1
make[1]: Leaving directory '/media/lubin/extend/lubin/my_project/cyber_rt/cyber_rt_standalone_r6.0.0/build/CMakeFiles/CMakeTmp'
Makefile:126: recipe for target 'cmTC_6293f/fast' failed
make: *** [cmTC_6293f/fast] Error 2


